2023-06-16T11:04:27.940+05:30  INFO 16392 --- [main] c.s.student.StudentslistApplication      : Starting StudentslistApplication using Java 17.0.1 with PID 16392 (E:\internshala web development\spring boot work space\studentslist\target\classes started by ACER in E:\internshala web development\spring boot work space\studentslist)
2023-06-16T11:04:27.947+05:30  INFO 16392 --- [main] c.s.student.StudentslistApplication      : No active profile set, falling back to 1 default profile: "default"
2023-06-16T11:04:29.088+05:30  INFO 16392 --- [main] .s.d.r.c.RepositoryConfigurationDelegate : Bootstrapping Spring Data JPA repositories in DEFAULT mode.
2023-06-16T11:04:29.182+05:30  INFO 16392 --- [main] .s.d.r.c.RepositoryConfigurationDelegate : Finished Spring Data repository scanning in 83 ms. Found 1 JPA repository interfaces.
2023-06-16T11:04:29.903+05:30  INFO 16392 --- [main] o.s.b.w.embedded.tomcat.TomcatWebServer  : Tomcat initialized with port(s): 8080 (http)
2023-06-16T11:04:29.921+05:30  INFO 16392 --- [main] o.apache.catalina.core.StandardService   : Starting service [Tomcat]
2023-06-16T11:04:29.922+05:30  INFO 16392 --- [main] o.apache.catalina.core.StandardEngine    : Starting Servlet engine: [Apache Tomcat/10.1.8]
2023-06-16T11:04:30.136+05:30  INFO 16392 --- [main] o.a.c.c.C.[Tomcat].[localhost].[/]       : Initializing Spring embedded WebApplicationContext
2023-06-16T11:04:30.137+05:30  INFO 16392 --- [main] w.s.c.ServletWebServerApplicationContext : Root WebApplicationContext: initialization completed in 2129 ms
2023-06-16T11:04:30.332+05:30  INFO 16392 --- [main] o.hibernate.jpa.internal.util.LogHelper  : HHH000204: Processing PersistenceUnitInfo [name: default]
2023-06-16T11:04:30.419+05:30  INFO 16392 --- [main] org.hibernate.Version                    : HHH000412: Hibernate ORM core version 6.2.2.Final
2023-06-16T11:04:30.423+05:30  INFO 16392 --- [main] org.hibernate.cfg.Environment            : HHH000406: Using bytecode reflection optimizer
2023-06-16T11:04:30.607+05:30  INFO 16392 --- [main] o.h.b.i.BytecodeProviderInitiator        : HHH000021: Bytecode provider name : bytebuddy
2023-06-16T11:04:30.810+05:30  INFO 16392 --- [main] o.s.o.j.p.SpringPersistenceUnitInfo      : No LoadTimeWeaver setup: ignoring JPA class transformer
2023-06-16T11:04:30.830+05:30  INFO 16392 --- [main] com.zaxxer.hikari.HikariDataSource       : HikariPool-1 - Starting...
2023-06-16T11:04:31.038+05:30  INFO 16392 --- [main] com.zaxxer.hikari.pool.HikariPool        : HikariPool-1 - Added connection com.mysql.cj.jdbc.ConnectionImpl@1b47b7f5
2023-06-16T11:04:31.042+05:30  INFO 16392 --- [main] com.zaxxer.hikari.HikariDataSource       : HikariPool-1 - Start completed.
2023-06-16T11:04:31.096+05:30  INFO 16392 --- [main] org.hibernate.orm.dialect                : HHH035001: Using dialect: org.hibernate.dialect.MySQL8Dialect, version: 8.0
2023-06-16T11:04:31.098+05:30  WARN 16392 --- [main] org.hibernate.orm.deprecation            : HHH90000026: MySQL8Dialect has been deprecated; use org.hibernate.dialect.MySQLDialect instead
2023-06-16T11:04:31.335+05:30  INFO 16392 --- [main] o.h.b.i.BytecodeProviderInitiator        : HHH000021: Bytecode provider name : bytebuddy
2023-06-16T11:04:32.091+05:30  INFO 16392 --- [main] o.h.e.t.j.p.i.JtaPlatformInitiator       : HHH000490: Using JtaPlatform implementation: [org.hibernate.engine.transaction.jta.platform.internal.NoJtaPlatform]
2023-06-16T11:04:32.151+05:30  INFO 16392 --- [main] j.LocalContainerEntityManagerFactoryBean : Initialized JPA EntityManagerFactory for persistence unit 'default'
2023-06-16T11:04:32.452+05:30  WARN 16392 --- [main] JpaBaseConfiguration$JpaWebConfiguration : spring.jpa.open-in-view is enabled by default. Therefore, database queries may be performed during view rendering. Explicitly configure spring.jpa.open-in-view to disable this warning
2023-06-16T11:04:32.947+05:30  INFO 16392 --- [main] o.s.b.w.embedded.tomcat.TomcatWebServer  : Tomcat started on port(s): 8080 (http) with context path ''
2023-06-16T11:04:32.962+05:30  INFO 16392 --- [main] c.s.student.StudentslistApplication      : Started StudentslistApplication in 6.154 seconds (process running for 7.539)
2023-06-16T11:05:07.761+05:30  INFO 16392 --- [RMI TCP Connection(4)-127.0.0.1] inMXBeanRegistrar$SpringApplicationAdmin : Application shutdown requested.
2023-06-16T11:05:07.797+05:30  INFO 16392 --- [RMI TCP Connection(4)-127.0.0.1] o.apache.catalina.core.StandardService   : Stopping service [Tomcat]
2023-06-16T11:05:07.819+05:30  INFO 16392 --- [RMI TCP Connection(4)-127.0.0.1] j.LocalContainerEntityManagerFactoryBean : Closing JPA EntityManagerFactory for persistence unit 'default'
2023-06-16T11:05:07.826+05:30  INFO 16392 --- [RMI TCP Connection(4)-127.0.0.1] com.zaxxer.hikari.HikariDataSource       : HikariPool-1 - Shutdown initiated...
2023-06-16T11:05:07.849+05:30  INFO 16392 --- [RMI TCP Connection(4)-127.0.0.1] com.zaxxer.hikari.HikariDataSource       : HikariPool-1 - Shutdown completed.
