2023-06-16T11:09:37.828+05:30  INFO 18352 --- [main] c.s.student.StudentslistApplication      : Starting StudentslistApplication using Java 17.0.1 with PID 18352 (E:\internshala web development\spring boot work space\studentslist\target\classes started by ACER in E:\internshala web development\spring boot work space\studentslist)
2023-06-16T11:09:37.834+05:30  INFO 18352 --- [main] c.s.student.StudentslistApplication      : No active profile set, falling back to 1 default profile: "default"
2023-06-16T11:09:38.795+05:30  INFO 18352 --- [main] .s.d.r.c.RepositoryConfigurationDelegate : Bootstrapping Spring Data JPA repositories in DEFAULT mode.
2023-06-16T11:09:38.859+05:30  INFO 18352 --- [main] .s.d.r.c.RepositoryConfigurationDelegate : Finished Spring Data repository scanning in 55 ms. Found 1 JPA repository interfaces.
2023-06-16T11:09:39.446+05:30  INFO 18352 --- [main] o.s.b.w.embedded.tomcat.TomcatWebServer  : Tomcat initialized with port(s): 8080 (http)
2023-06-16T11:09:39.456+05:30  INFO 18352 --- [main] o.apache.catalina.core.StandardService   : Starting service [Tomcat]
2023-06-16T11:09:39.457+05:30  INFO 18352 --- [main] o.apache.catalina.core.StandardEngine    : Starting Servlet engine: [Apache Tomcat/10.1.8]
2023-06-16T11:09:39.605+05:30  INFO 18352 --- [main] o.a.c.c.C.[Tomcat].[localhost].[/]       : Initializing Spring embedded WebApplicationContext
2023-06-16T11:09:39.605+05:30  INFO 18352 --- [main] w.s.c.ServletWebServerApplicationContext : Root WebApplicationContext: initialization completed in 1708 ms
2023-06-16T11:09:39.775+05:30  INFO 18352 --- [main] o.hibernate.jpa.internal.util.LogHelper  : HHH000204: Processing PersistenceUnitInfo [name: default]
2023-06-16T11:09:39.830+05:30  INFO 18352 --- [main] org.hibernate.Version                    : HHH000412: Hibernate ORM core version 6.2.2.Final
2023-06-16T11:09:39.832+05:30  INFO 18352 --- [main] org.hibernate.cfg.Environment            : HHH000406: Using bytecode reflection optimizer
2023-06-16T11:09:39.971+05:30  INFO 18352 --- [main] o.h.b.i.BytecodeProviderInitiator        : HHH000021: Bytecode provider name : bytebuddy
2023-06-16T11:09:40.102+05:30  INFO 18352 --- [main] o.s.o.j.p.SpringPersistenceUnitInfo      : No LoadTimeWeaver setup: ignoring JPA class transformer
2023-06-16T11:09:40.118+05:30  INFO 18352 --- [main] com.zaxxer.hikari.HikariDataSource       : HikariPool-1 - Starting...
2023-06-16T11:09:40.295+05:30  INFO 18352 --- [main] com.zaxxer.hikari.pool.HikariPool        : HikariPool-1 - Added connection com.mysql.cj.jdbc.ConnectionImpl@8432469
2023-06-16T11:09:40.298+05:30  INFO 18352 --- [main] com.zaxxer.hikari.HikariDataSource       : HikariPool-1 - Start completed.
2023-06-16T11:09:40.355+05:30  INFO 18352 --- [main] org.hibernate.orm.dialect                : HHH035001: Using dialect: org.hibernate.dialect.MySQL8Dialect, version: 8.0
2023-06-16T11:09:40.357+05:30  WARN 18352 --- [main] org.hibernate.orm.deprecation            : HHH90000026: MySQL8Dialect has been deprecated; use org.hibernate.dialect.MySQLDialect instead
2023-06-16T11:09:40.575+05:30  INFO 18352 --- [main] o.h.b.i.BytecodeProviderInitiator        : HHH000021: Bytecode provider name : bytebuddy
2023-06-16T11:09:41.248+05:30  INFO 18352 --- [main] o.h.e.t.j.p.i.JtaPlatformInitiator       : HHH000490: Using JtaPlatform implementation: [org.hibernate.engine.transaction.jta.platform.internal.NoJtaPlatform]
2023-06-16T11:09:41.310+05:30  INFO 18352 --- [main] j.LocalContainerEntityManagerFactoryBean : Initialized JPA EntityManagerFactory for persistence unit 'default'
2023-06-16T11:09:41.607+05:30  WARN 18352 --- [main] JpaBaseConfiguration$JpaWebConfiguration : spring.jpa.open-in-view is enabled by default. Therefore, database queries may be performed during view rendering. Explicitly configure spring.jpa.open-in-view to disable this warning
2023-06-16T11:09:42.021+05:30  INFO 18352 --- [main] o.s.b.w.embedded.tomcat.TomcatWebServer  : Tomcat started on port(s): 8080 (http) with context path ''
2023-06-16T11:09:42.031+05:30  INFO 18352 --- [main] c.s.student.StudentslistApplication      : Started StudentslistApplication in 5.09 seconds (process running for 6.056)
2023-06-16T11:13:05.491+05:30  INFO 18352 --- [RMI TCP Connection(7)-127.0.0.1] inMXBeanRegistrar$SpringApplicationAdmin : Application shutdown requested.
2023-06-16T11:13:05.529+05:30  INFO 18352 --- [RMI TCP Connection(7)-127.0.0.1] o.apache.catalina.core.StandardService   : Stopping service [Tomcat]
2023-06-16T11:13:05.557+05:30  INFO 18352 --- [RMI TCP Connection(7)-127.0.0.1] j.LocalContainerEntityManagerFactoryBean : Closing JPA EntityManagerFactory for persistence unit 'default'
2023-06-16T11:13:05.562+05:30  INFO 18352 --- [RMI TCP Connection(7)-127.0.0.1] com.zaxxer.hikari.HikariDataSource       : HikariPool-1 - Shutdown initiated...
2023-06-16T11:13:05.587+05:30  INFO 18352 --- [RMI TCP Connection(7)-127.0.0.1] com.zaxxer.hikari.HikariDataSource       : HikariPool-1 - Shutdown completed.
